#
# There is insufficient memory for the Java Runtime Environment to continue.
# Native memory allocation (mmap) failed to map 2147483648 bytes for committing reserved memory.
# Possible reasons:
#   The system is out of physical RAM or swap space
#   The process is running with CompressedOops enabled, and the Java Heap may be blocking the growth of the native heap
# Possible solutions:
#   Reduce memory load on the system
#   Increase physical memory or swap space
#   Check if swap backing store is full
#   Decrease Java heap size (-Xmx/-Xms)
#   Decrease number of Java threads
#   Decrease Java thread stack sizes (-Xss)
#   Set larger code cache with -XX:ReservedCodeCacheSize=
# This output file may be truncated or incomplete.
#
#  Out of Memory Error (os_linux.cpp:2866), pid=21061, tid=21062
#
# JRE version:  (11.0.7+10) (build )
# Java VM: OpenJDK 64-Bit Server VM (11.0.7+10-post-Ubuntu-2ubuntu218.04, mixed mode, sharing, tiered, compressed oops, g1 gc, linux-amd64)
# Core dump will be written. Default location: Core dumps may be processed with "/usr/share/apport/apport %p %s %c %d %P %E" (or dumping to /root/minecraft/MC-server/core.21061)
#

---------------  S U M M A R Y ------------

Command Line: -Xmx2048M -Xms2048M bukkit.jar

Host: Intel(R) Xeon(R) Gold 6140 CPU @ 2.30GHz, 2 cores, 3G, Ubuntu 18.04.4 LTS
Time: Wed Jul  1 18:09:05 2020 UTC elapsed time: 0 seconds (0d 0h 0m 0s)

---------------  T H R E A D  ---------------

Current thread (0x00007f950c016000):  JavaThread "Unknown thread" [_thread_in_vm, id=21062, stack(0x00007f9513e35000,0x00007f9513f36000)]

Stack: [0x00007f9513e35000,0x00007f9513f36000],  sp=0x00007f9513f34220,  free space=1020k
Native frames: (J=compiled Java code, A=aot compiled Java code, j=interpreted, Vv=VM code, C=native code)
V  [libjvm.so+0xdf8009]
V  [libjvm.so+0xdf8c9b]
V  [libjvm.so+0x6514e5]
V  [libjvm.so+0xbcfd48]
V  [libjvm.so+0xbc739d]
V  [libjvm.so+0x77034f]
V  [libjvm.so+0x7705be]
V  [libjvm.so+0x77c630]
V  [libjvm.so+0x7f8339]
V  [libjvm.so+0x7f8f92]
V  [libjvm.so+0x7f93f9]
V  [libjvm.so+0x72ea4f]
V  [libjvm.so+0x72f13d]
V  [libjvm.so+0xdb2512]
V  [libjvm.so+0xdb27a6]
V  [libjvm.so+0x81c067]
V  [libjvm.so+0xd8971f]
V  [libjvm.so+0x8d5871]  JNI_CreateJavaVM+0x51
C  [libjli.so+0x4a66]
C  [libjli.so+0x92cd]


---------------  P R O C E S S  ---------------

Threads class SMR info:
_java_thread_list=0x000055c340a0a280, length=0, elements={
}

Java Threads: ( => current thread )

Other Threads:
  0x00007f950c02e800 GCTaskThread "GC Thread#0" [stack: 0x00007f94f4637000,0x00007f94f4737000] [id=21063]
  0x00007f950c061000 ConcurrentGCThread "G1 Main Marker" [stack: 0x00007f94eb700000,0x00007f94eb800000] [id=21064]
  0x00007f950c062800 ConcurrentGCThread "G1 Conc#0" [stack: 0x00007f94eb5fe000,0x00007f94eb6fe000] [id=21066]

[error occurred during error reporting (printing all threads), id 0xb, SIGSEGV (0xb) at pc=0x00007f95123f7d90]

VM state:not at safepoint (not fully initialized)

VM Mutex/Monitor currently owned by a thread:  ([mutex/lock_event])
[0x00007f950c0126c0] Heap_lock - owner thread: 0x00007f950c016000

Heap address: 0x0000000080000000, size: 2048 MB, Compressed Oops mode: Non-zero based: 0x0000000080000000
Narrow klass base: 0x0000000000000000, Narrow klass shift: 0

GC Heap History (0 events):
No events

Deoptimization events (0 events):
No events

Classes redefined (0 events):
No events

Internal exceptions (0 events):
No events

Events (3 events):
Event: 0.002 Protecting memory [0x00007f9513e35000,0x00007f9513e39000] with protection modes 0
Event: 0.003 Loaded shared library /usr/lib/jvm/java-11-openjdk-amd64/lib/libzip.so
Event: 0.004 Loaded shared library /usr/lib/jvm/java-11-openjdk-amd64/lib/libjimage.so


Dynamic libraries:
55c33f130000-55c33f131000 r-xp 00000000 fc:01 517743                     /usr/lib/jvm/java-11-openjdk-amd64/bin/java
55c33f331000-55c33f332000 r--p 00001000 fc:01 517743                     /usr/lib/jvm/java-11-openjdk-amd64/bin/java
55c33f332000-55c33f333000 rw-p 00002000 fc:01 517743                     /usr/lib/jvm/java-11-openjdk-amd64/bin/java
55c3409f2000-55c340a13000 rw-p 00000000 00:00 0                          [heap]
7f94dc000000-7f94dc021000 rw-p 00000000 00:00 0 
7f94dc021000-7f94e0000000 ---p 00000000 00:00 0 
7f94e4000000-7f94e4021000 rw-p 00000000 00:00 0 
7f94e4021000-7f94e8000000 ---p 00000000 00:00 0 
7f94e93fa000-7f94eb5fc000 rw-p 00000000 00:00 0 
7f94eb5fc000-7f94eb5fd000 ---p 00000000 00:00 0 
7f94eb5fd000-7f94eb6fe000 rw-p 00000000 00:00 0 
7f94eb6fe000-7f94eb6ff000 ---p 00000000 00:00 0 
7f94eb6ff000-7f94eb800000 rw-p 00000000 00:00 0 
7f94eb800000-7f94f0000000 ---p 00000000 00:00 0 
7f94f0000000-7f94f0021000 rw-p 00000000 00:00 0 
7f94f0021000-7f94f4000000 ---p 00000000 00:00 0 
7f94f4033000-7f94f4433000 ---p 00000000 00:00 0 
7f94f4433000-7f94f4635000 rw-p 00000000 00:00 0 
7f94f4635000-7f94f4636000 ---p 00000000 00:00 0 
7f94f4636000-7f94f473c000 rw-p 00000000 00:00 0 
7f94f473c000-7f94f4822000 ---p 00000000 00:00 0 
7f94f4822000-7f94f4827000 rw-p 00000000 00:00 0 
7f94f4827000-7f94f490d000 ---p 00000000 00:00 0 
7f94f490d000-7f94f4b7d000 rwxp 00000000 00:00 0 
7f94f4b7d000-7f94f4e9c000 ---p 00000000 00:00 0 
7f94f4e9c000-7f94f510c000 rwxp 00000000 00:00 0 
7f94f510c000-7f94fc3d4000 ---p 00000000 00:00 0 
7f94fc3d4000-7f94fc644000 rwxp 00000000 00:00 0 
7f94fc644000-7f950390d000 ---p 00000000 00:00 0 
7f950390d000-7f950c000000 r--s 00000000 fc:01 517829                     /usr/lib/jvm/java-11-openjdk-amd64/lib/modules
7f950c000000-7f950c075000 rw-p 00000000 00:00 0 
7f950c075000-7f9510000000 ---p 00000000 00:00 0 
7f95100df000-7f95100e4000 r-xp 00000000 fc:01 517811                     /usr/lib/jvm/java-11-openjdk-amd64/lib/libjimage.so
7f95100e4000-7f95102e3000 ---p 00005000 fc:01 517811                     /usr/lib/jvm/java-11-openjdk-amd64/lib/libjimage.so
7f95102e3000-7f95102e4000 r--p 00004000 fc:01 517811                     /usr/lib/jvm/java-11-openjdk-amd64/lib/libjimage.so
7f95102e4000-7f95102e5000 rw-p 00005000 fc:01 517811                     /usr/lib/jvm/java-11-openjdk-amd64/lib/libjimage.so
7f95102e5000-7f95102ec000 r-xp 00000000 fc:01 517828                     /usr/lib/jvm/java-11-openjdk-amd64/lib/libzip.so
7f95102ec000-7f95104eb000 ---p 00007000 fc:01 517828                     /usr/lib/jvm/java-11-openjdk-amd64/lib/libzip.so
7f95104eb000-7f95104ec000 r--p 00006000 fc:01 517828                     /usr/lib/jvm/java-11-openjdk-amd64/lib/libzip.so
7f95104ec000-7f95104ed000 rw-p 00007000 fc:01 517828                     /usr/lib/jvm/java-11-openjdk-amd64/lib/libzip.so
7f95104ed000-7f95104f8000 r-xp 00000000 fc:01 2093                       /lib/x86_64-linux-gnu/libnss_files-2.27.so
7f95104f8000-7f95106f7000 ---p 0000b000 fc:01 2093                       /lib/x86_64-linux-gnu/libnss_files-2.27.so
7f95106f7000-7f95106f8000 r--p 0000a000 fc:01 2093                       /lib/x86_64-linux-gnu/libnss_files-2.27.so
7f95106f8000-7f95106f9000 rw-p 0000b000 fc:01 2093                       /lib/x86_64-linux-gnu/libnss_files-2.27.so
7f95106f9000-7f95106ff000 rw-p 00000000 00:00 0 
7f95106ff000-7f9510716000 r-xp 00000000 fc:01 2090                       /lib/x86_64-linux-gnu/libnsl-2.27.so
7f9510716000-7f9510915000 ---p 00017000 fc:01 2090                       /lib/x86_64-linux-gnu/libnsl-2.27.so
7f9510915000-7f9510916000 r--p 00016000 fc:01 2090                       /lib/x86_64-linux-gnu/libnsl-2.27.so
7f9510916000-7f9510917000 rw-p 00017000 fc:01 2090                       /lib/x86_64-linux-gnu/libnsl-2.27.so
7f9510917000-7f9510919000 rw-p 00000000 00:00 0 
7f9510919000-7f9510924000 r-xp 00000000 fc:01 2095                       /lib/x86_64-linux-gnu/libnss_nis-2.27.so
7f9510924000-7f9510b23000 ---p 0000b000 fc:01 2095                       /lib/x86_64-linux-gnu/libnss_nis-2.27.so
7f9510b23000-7f9510b24000 r--p 0000a000 fc:01 2095                       /lib/x86_64-linux-gnu/libnss_nis-2.27.so
7f9510b24000-7f9510b25000 rw-p 0000b000 fc:01 2095                       /lib/x86_64-linux-gnu/libnss_nis-2.27.so
7f9510b25000-7f9510b2d000 r-xp 00000000 fc:01 2091                       /lib/x86_64-linux-gnu/libnss_compat-2.27.so
7f9510b2d000-7f9510d2d000 ---p 00008000 fc:01 2091                       /lib/x86_64-linux-gnu/libnss_compat-2.27.so
7f9510d2d000-7f9510d2e000 r--p 00008000 fc:01 2091                       /lib/x86_64-linux-gnu/libnss_compat-2.27.so
7f9510d2e000-7f9510d2f000 rw-p 00009000 fc:01 2091                       /lib/x86_64-linux-gnu/libnss_compat-2.27.so
7f9510d2f000-7f9510d58000 r-xp 00000000 fc:01 517807                     /usr/lib/jvm/java-11-openjdk-amd64/lib/libjava.so
7f9510d58000-7f9510f57000 ---p 00029000 fc:01 517807                     /usr/lib/jvm/java-11-openjdk-amd64/lib/libjava.so
7f9510f57000-7f9510f58000 r--p 00028000 fc:01 517807                     /usr/lib/jvm/java-11-openjdk-amd64/lib/libjava.so
7f9510f58000-7f9510f5a000 rw-p 00029000 fc:01 517807                     /usr/lib/jvm/java-11-openjdk-amd64/lib/libjava.so
7f9510f5a000-7f9510f67000 r-xp 00000000 fc:01 517827                     /usr/lib/jvm/java-11-openjdk-amd64/lib/libverify.so
7f9510f67000-7f9511166000 ---p 0000d000 fc:01 517827                     /usr/lib/jvm/java-11-openjdk-amd64/lib/libverify.so
7f9511166000-7f9511168000 r--p 0000c000 fc:01 517827                     /usr/lib/jvm/java-11-openjdk-amd64/lib/libverify.so
7f9511168000-7f9511169000 rw-p 0000e000 fc:01 517827                     /usr/lib/jvm/java-11-openjdk-amd64/lib/libverify.so
7f9511169000-7f9511170000 r-xp 00000000 fc:01 2180                       /lib/x86_64-linux-gnu/librt-2.27.so
7f9511170000-7f951136f000 ---p 00007000 fc:01 2180                       /lib/x86_64-linux-gnu/librt-2.27.so
7f951136f000-7f9511370000 r--p 00006000 fc:01 2180                       /lib/x86_64-linux-gnu/librt-2.27.so
7f9511370000-7f9511371000 rw-p 00007000 fc:01 2180                       /lib/x86_64-linux-gnu/librt-2.27.so
7f9511371000-7f9511388000 r-xp 00000000 fc:01 89                         /lib/x86_64-linux-gnu/libgcc_s.so.1
7f9511388000-7f9511587000 ---p 00017000 fc:01 89                         /lib/x86_64-linux-gnu/libgcc_s.so.1
7f9511587000-7f9511588000 r--p 00016000 fc:01 89                         /lib/x86_64-linux-gnu/libgcc_s.so.1
7f9511588000-7f9511589000 rw-p 00017000 fc:01 89                         /lib/x86_64-linux-gnu/libgcc_s.so.1
7f9511589000-7f9511726000 r-xp 00000000 fc:01 2087                       /lib/x86_64-linux-gnu/libm-2.27.so
7f9511726000-7f9511925000 ---p 0019d000 fc:01 2087                       /lib/x86_64-linux-gnu/libm-2.27.so
7f9511925000-7f9511926000 r--p 0019c000 fc:01 2087                       /lib/x86_64-linux-gnu/libm-2.27.so
7f9511926000-7f9511927000 rw-p 0019d000 fc:01 2087                       /lib/x86_64-linux-gnu/libm-2.27.so
7f9511927000-7f9511aa0000 r-xp 00000000 fc:01 104                        /usr/lib/x86_64-linux-gnu/libstdc++.so.6.0.25
7f9511aa0000-7f9511ca0000 ---p 00179000 fc:01 104                        /usr/lib/x86_64-linux-gnu/libstdc++.so.6.0.25
7f9511ca0000-7f9511caa000 r--p 00179000 fc:01 104                        /usr/lib/x86_64-linux-gnu/libstdc++.so.6.0.25
7f9511caa000-7f9511cac000 rw-p 00183000 fc:01 104                        /usr/lib/x86_64-linux-gnu/libstdc++.so.6.0.25
7f9511cac000-7f9511cb0000 rw-p 00000000 00:00 0 
7f9511cb0000-7f9512d8d000 r-xp 00000000 fc:01 517832                     /usr/lib/jvm/java-11-openjdk-amd64/lib/server/libjvm.so
7f9512d8d000-7f9512f8c000 ---p 010dd000 fc:01 517832                     /usr/lib/jvm/java-11-openjdk-amd64/lib/server/libjvm.so
7f9512f8c000-7f9513049000 r--p 010dc000 fc:01 517832                     /usr/lib/jvm/java-11-openjdk-amd64/lib/server/libjvm.so
7f9513049000-7f9513083000 rw-p 01199000 fc:01 517832                     /usr/lib/jvm/java-11-openjdk-amd64/lib/server/libjvm.so
7f9513083000-7f95130d9000 rw-p 00000000 00:00 0 
7f95130d9000-7f95130f3000 r-xp 00000000 fc:01 2178                       /lib/x86_64-linux-gnu/libpthread-2.27.so
7f95130f3000-7f95132f2000 ---p 0001a000 fc:01 2178                       /lib/x86_64-linux-gnu/libpthread-2.27.so
7f95132f2000-7f95132f3000 r--p 00019000 fc:01 2178                       /lib/x86_64-linux-gnu/libpthread-2.27.so
7f95132f3000-7f95132f4000 rw-p 0001a000 fc:01 2178                       /lib/x86_64-linux-gnu/libpthread-2.27.so
7f95132f4000-7f95132f8000 rw-p 00000000 00:00 0 
7f95132f8000-7f95132fb000 r-xp 00000000 fc:01 2086                       /lib/x86_64-linux-gnu/libdl-2.27.so
7f95132fb000-7f95134fa000 ---p 00003000 fc:01 2086                       /lib/x86_64-linux-gnu/libdl-2.27.so
7f95134fa000-7f95134fb000 r--p 00002000 fc:01 2086                       /lib/x86_64-linux-gnu/libdl-2.27.so
7f95134fb000-7f95134fc000 rw-p 00003000 fc:01 2086                       /lib/x86_64-linux-gnu/libdl-2.27.so
7f95134fc000-7f9513518000 r-xp 00000000 fc:01 2183                       /lib/x86_64-linux-gnu/libz.so.1.2.11
7f9513518000-7f9513717000 ---p 0001c000 fc:01 2183                       /lib/x86_64-linux-gnu/libz.so.1.2.11
7f9513717000-7f9513718000 r--p 0001b000 fc:01 2183                       /lib/x86_64-linux-gnu/libz.so.1.2.11
7f9513718000-7f9513719000 rw-p 0001c000 fc:01 2183                       /lib/x86_64-linux-gnu/libz.so.1.2.11
7f9513719000-7f9513900000 r-xp 00000000 fc:01 2083                       /lib/x86_64-linux-gnu/libc-2.27.so
7f9513900000-7f9513b00000 ---p 001e7000 fc:01 2083                       /lib/x86_64-linux-gnu/libc-2.27.so
7f9513b00000-7f9513b04000 r--p 001e7000 fc:01 2083                       /lib/x86_64-linux-gnu/libc-2.27.so
7f9513b04000-7f9513b06000 rw-p 001eb000 fc:01 2083                       /lib/x86_64-linux-gnu/libc-2.27.so
7f9513b06000-7f9513b0a000 rw-p 00000000 00:00 0 
7f9513b0a000-7f9513b1a000 r-xp 00000000 fc:01 517791                     /usr/lib/jvm/java-11-openjdk-amd64/lib/jli/libjli.so
7f9513b1a000-7f9513d19000 ---p 00010000 fc:01 517791                     /usr/lib/jvm/java-11-openjdk-amd64/lib/jli/libjli.so
7f9513d19000-7f9513d1a000 r--p 0000f000 fc:01 517791                     /usr/lib/jvm/java-11-openjdk-amd64/lib/jli/libjli.so
7f9513d1a000-7f9513d1b000 rw-p 00010000 fc:01 517791                     /usr/lib/jvm/java-11-openjdk-amd64/lib/jli/libjli.so
7f9513d1b000-7f9513d42000 r-xp 00000000 fc:01 2079                       /lib/x86_64-linux-gnu/ld-2.27.so
7f9513ddc000-7f9513e26000 rw-p 00000000 00:00 0 
7f9513e26000-7f9513e2d000 ---p 00000000 00:00 0 
7f9513e2d000-7f9513e35000 rw-s 00000000 fc:01 1551384                    /tmp/hsperfdata_root/21061
7f9513e35000-7f9513e39000 ---p 00000000 00:00 0 
7f9513e39000-7f9513f38000 rw-p 00000000 00:00 0 
7f9513f3c000-7f9513f3e000 r--s 00007000 fc:01 12587                      /usr/share/java/java-atk-wrapper.jar
7f9513f3e000-7f9513f3f000 ---p 00000000 00:00 0 
7f9513f3f000-7f9513f40000 r--p 00000000 00:00 0 
7f9513f40000-7f9513f42000 rw-p 00000000 00:00 0 
7f9513f42000-7f9513f43000 r--p 00027000 fc:01 2079                       /lib/x86_64-linux-gnu/ld-2.27.so
7f9513f43000-7f9513f44000 rw-p 00028000 fc:01 2079                       /lib/x86_64-linux-gnu/ld-2.27.so
7f9513f44000-7f9513f45000 rw-p 00000000 00:00 0 
7fff07c1d000-7fff07c3e000 rw-p 00000000 00:00 0                          [stack]
7fff07c72000-7fff07c75000 r--p 00000000 00:00 0                          [vvar]
7fff07c75000-7fff07c77000 r-xp 00000000 00:00 0                          [vdso]
ffffffffff600000-ffffffffff601000 r-xp 00000000 00:00 0                  [vsyscall]


VM Arguments:
jvm_args: -Xmx2048M -Xms2048M 
java_command: bukkit.jar
java_class_path (initial): bukkit.jar
Launcher Type: SUN_STANDARD

[Global flags]
     intx CICompilerCount                          = 2                                         {product} {ergonomic}
     uint ConcGCThreads                            = 1                                         {product} {ergonomic}
     uint G1ConcRefinementThreads                  = 2                                         {product} {ergonomic}
   size_t G1HeapRegionSize                         = 1048576                                   {product} {ergonomic}
    uintx GCDrainStackTargetSize                   = 64                                        {product} {ergonomic}
   size_t InitialHeapSize                          = 2147483648                                {product} {command line}
   size_t MarkStackSize                            = 4194304                                   {product} {ergonomic}
   size_t MaxHeapSize                              = 2147483648                                {product} {command line}
   size_t MinHeapDeltaBytes                        = 1048576                                   {product} {ergonomic}
    uintx NonNMethodCodeHeapSize                   = 5825164                                {pd product} {ergonomic}
    uintx NonProfiledCodeHeapSize                  = 122916538                              {pd product} {ergonomic}
    uintx ProfiledCodeHeapSize                     = 122916538                              {pd product} {ergonomic}
    uintx ReservedCodeCacheSize                    = 251658240                              {pd product} {ergonomic}
     bool SegmentedCodeCache                       = true                                      {product} {ergonomic}
     bool UseCompressedClassPointers               = true                                 {lp64_product} {ergonomic}
     bool UseCompressedOops                        = true                                 {lp64_product} {ergonomic}
     bool UseG1GC                                  = true                                      {product} {ergonomic}

Logging:
Log output configuration:
 #0: stdout all=warning uptime,level,tags
 #1: stderr all=off uptime,level,tags

Environment Variables:
PATH=/usr/local/sbin:/usr/local/bin:/usr/sbin:/usr/bin:/sbin:/bin:/usr/games:/usr/local/games:/snap/bin
SHELL=/bin/bash

Signal Handlers:
SIGSEGV: [libjvm.so+0xdf8d00], sa_mask[0]=11111111011111111101111111111110, sa_flags=SA_RESTART|SA_SIGINFO
SIGBUS: [libjvm.so+0xdf8d00], sa_mask[0]=11111111011111111101111111111110, sa_flags=SA_RESTART|SA_SIGINFO
SIGFPE: [libjvm.so+0xdf8d00], sa_mask[0]=11111111011111111101111111111110, sa_flags=SA_RESTART|SA_SIGINFO
SIGPIPE: [libjvm.so+0xbcbc30], sa_mask[0]=11111111011111111101111111111110, sa_flags=SA_RESTART|SA_SIGINFO
SIGXFSZ: [libjvm.so+0xbcbc30], sa_mask[0]=11111111011111111101111111111110, sa_flags=SA_RESTART|SA_SIGINFO
SIGILL: [libjvm.so+0xdf8d00], sa_mask[0]=11111111011111111101111111111110, sa_flags=SA_RESTART|SA_SIGINFO
SIGUSR2: [libjvm.so+0xbcbad0], sa_mask[0]=00000000000000000000000000000000, sa_flags=SA_RESTART|SA_SIGINFO
SIGHUP: SIG_IGN, sa_mask[0]=00000000000000000000000000000000, sa_flags=none
SIGINT: SIG_DFL, sa_mask[0]=00000000000000000000000000000000, sa_flags=none
SIGTERM: SIG_DFL, sa_mask[0]=00000000000000000000000000000000, sa_flags=none
SIGQUIT: SIG_DFL, sa_mask[0]=00000000000000000000000000000000, sa_flags=none


---------------  S Y S T E M  ---------------

OS:DISTRIB_ID=Ubuntu
DISTRIB_RELEASE=18.04
DISTRIB_CODENAME=bionic
DISTRIB_DESCRIPTION="Ubuntu 18.04.4 LTS"
uname:Linux 4.15.0-106-generic #107-Ubuntu SMP Thu Jun 4 11:27:52 UTC 2020 x86_64
OS uptime: 13 days 21:45 hours
libc:glibc 2.27 NPTL 2.27 
rlimit: STACK 8192k, CORE 0k, NPROC 15676, NOFILE 1048576, AS infinity, CPU infinity, DATA infinity, FSIZE infinity
load average:1.93 0.98 0.49

/proc/meminfo:
MemTotal:        4039268 kB
MemFree:          190428 kB
MemAvailable:    1076836 kB
Buffers:          103048 kB
Cached:           910864 kB
SwapCached:            0 kB
Active:          3164984 kB
Inactive:         456728 kB
Active(anon):    2608164 kB
Inactive(anon):      248 kB
Active(file):     556820 kB
Inactive(file):   456480 kB
Unevictable:           0 kB
Mlocked:               0 kB
SwapTotal:             0 kB
SwapFree:              0 kB
Dirty:               440 kB
Writeback:             0 kB
AnonPages:       2607812 kB
Mapped:           122308 kB
Shmem:               616 kB
Slab:             189100 kB
SReclaimable:     151952 kB
SUnreclaim:        37148 kB
KernelStack:        3424 kB
PageTables:         9728 kB
NFS_Unstable:          0 kB
Bounce:                0 kB
WritebackTmp:          0 kB
CommitLimit:     2019632 kB
Committed_AS:    3752068 kB
VmallocTotal:   34359738367 kB
VmallocUsed:           0 kB
VmallocChunk:          0 kB
HardwareCorrupted:     0 kB
AnonHugePages:         0 kB
ShmemHugePages:        0 kB
ShmemPmdMapped:        0 kB
CmaTotal:              0 kB
CmaFree:               0 kB
HugePages_Total:       0
HugePages_Free:        0
HugePages_Rsvd:        0
HugePages_Surp:        0
Hugepagesize:       2048 kB
DirectMap4k:      118764 kB
DirectMap2M:     3026944 kB
DirectMap1G:     1048576 kB


/proc/sys/kernel/threads-max (system-wide limit on the number of threads):
31352


/proc/sys/vm/max_map_count (maximum number of memory map areas a process may have):
65530


/proc/sys/kernel/pid_max (system-wide limit on number of process identifiers):
32768



container (cgroup) information:
container_type: cgroupv1
cpu_cpuset_cpus: 0-1
cpu_memory_nodes: 0
active_processor_count: 2
cpu_quota: -1
cpu_period: 100000
cpu_shares: -1
memory_limit_in_bytes: -1
memory_and_swap_limit_in_bytes: -2
memory_soft_limit_in_bytes: -1
memory_usage_in_bytes: 2799796224
memory_max_usage_in_bytes: 2803879936

KVM virtualization detected
Steal ticks since vm start: 0
Steal ticks percentage since vm start:  0.000

CPU:total 2 (initial active 2) (1 cores per cpu, 1 threads per core) family 6 model 85 stepping 4, cmov, cx8, fxsr, mmx, sse, sse2, sse3, ssse3, sse4.1, sse4.2, popcnt, avx, avx2, aes, clmul, erms, 3dnowpref, lzcnt, tsc, bmi1, bmi2, adx, fma
CPU Model and flags from /proc/cpuinfo:
model name	: Intel(R) Xeon(R) Gold 6140 CPU @ 2.30GHz
flags		: fpu vme de pse tsc msr pae mce cx8 apic sep mtrr pge mca cmov pat pse36 clflush mmx fxsr sse sse2 ss syscall nx pdpe1gb rdtscp lm constant_tsc arch_perfmon rep_good nopl cpuid tsc_known_freq pni pclmulqdq vmx ssse3 fma cx16 pcid sse4_1 sse4_2 x2apic movbe popcnt tsc_deadline_timer aes xsave avx f16c rdrand hypervisor lahf_lm abm 3dnowprefetch cpuid_fault invpcid_single pti ssbd ibrs ibpb tpr_shadow vnmi flexpriority ept vpid fsgsbase tsc_adjust bmi1 avx2 smep bmi2 erms invpcid mpx avx512f avx512dq rdseed adx smap clflushopt clwb avx512cd avx512bw avx512vl xsaveopt xsavec xgetbv1 pku ospke md_clear

Memory: 4k page, physical 4039268k(190428k free), swap 0k(0k free)

vm_info: OpenJDK 64-Bit Server VM (11.0.7+10-post-Ubuntu-2ubuntu218.04) for linux-amd64 JRE (11.0.7+10-post-Ubuntu-2ubuntu218.04), built on Apr 15 2020 21:12:54 by "unknown" with gcc 7.5.0

END.
