#
# There is insufficient memory for the Java Runtime Environment to continue.
# Native memory allocation (mmap) failed to map 2147483648 bytes for committing reserved memory.
# Possible reasons:
#   The system is out of physical RAM or swap space
#   The process is running with CompressedOops enabled, and the Java Heap may be blocking the growth of the native heap
# Possible solutions:
#   Reduce memory load on the system
#   Increase physical memory or swap space
#   Check if swap backing store is full
#   Decrease Java heap size (-Xmx/-Xms)
#   Decrease number of Java threads
#   Decrease Java thread stack sizes (-Xss)
#   Set larger code cache with -XX:ReservedCodeCacheSize=
# This output file may be truncated or incomplete.
#
#  Out of Memory Error (os_linux.cpp:2866), pid=23553, tid=23554
#
# JRE version:  (11.0.7+10) (build )
# Java VM: OpenJDK 64-Bit Server VM (11.0.7+10-post-Ubuntu-2ubuntu218.04, mixed mode, sharing, tiered, compressed oops, g1 gc, linux-amd64)
# Core dump will be written. Default location: Core dumps may be processed with "/usr/share/apport/apport %p %s %c %d %P %E" (or dumping to /root/minecraft/MC-server/core.23553)
#

---------------  S U M M A R Y ------------

Command Line: -Xmx4096M -Xms2048M bukkit.jar

Host: Intel(R) Xeon(R) Gold 6140 CPU @ 2.30GHz, 2 cores, 3G, Ubuntu 18.04.4 LTS
Time: Thu Jul  2 03:09:45 2020 UTC elapsed time: 0 seconds (0d 0h 0m 0s)

---------------  T H R E A D  ---------------

Current thread (0x00007f159c016000):  JavaThread "Unknown thread" [_thread_in_vm, id=23554, stack(0x00007f15a54ef000,0x00007f15a55f0000)]

Stack: [0x00007f15a54ef000,0x00007f15a55f0000],  sp=0x00007f15a55ee220,  free space=1020k
Native frames: (J=compiled Java code, A=aot compiled Java code, j=interpreted, Vv=VM code, C=native code)
V  [libjvm.so+0xdf8009]
V  [libjvm.so+0xdf8c9b]
V  [libjvm.so+0x6514e5]
V  [libjvm.so+0xbcfd48]
V  [libjvm.so+0xbc739d]
V  [libjvm.so+0x77034f]
V  [libjvm.so+0x7705be]
V  [libjvm.so+0x77c630]
V  [libjvm.so+0x7f8339]
V  [libjvm.so+0x7f8f92]
V  [libjvm.so+0x7f93f9]
V  [libjvm.so+0x72ea4f]
V  [libjvm.so+0x72f13d]
V  [libjvm.so+0xdb2512]
V  [libjvm.so+0xdb27a6]
V  [libjvm.so+0x81c067]
V  [libjvm.so+0xd8971f]
V  [libjvm.so+0x8d5871]  JNI_CreateJavaVM+0x51
C  [libjli.so+0x4a66]
C  [libjli.so+0x92cd]


---------------  P R O C E S S  ---------------

Threads class SMR info:
_java_thread_list=0x00005622a5e85280, length=0, elements={
}

Java Threads: ( => current thread )

Other Threads:
  0x00007f159c02e800 GCTaskThread "GC Thread#0" [stack: 0x00007f15a14c3000,0x00007f15a15c3000] [id=23555]
  0x00007f159c08e800 ConcurrentGCThread "G1 Main Marker" [stack: 0x00007f15a01bf000,0x00007f15a02bf000] [id=23556]
  0x00007f159c090800 ConcurrentGCThread "G1 Conc#0" [stack: 0x00007f15a00bd000,0x00007f15a01bd000] [id=23557]

[error occurred during error reporting (printing all threads), id 0xb, SIGSEGV (0xb) at pc=0x00007f15a3ab1d90]

VM state:not at safepoint (not fully initialized)

VM Mutex/Monitor currently owned by a thread:  ([mutex/lock_event])
[0x00007f159c0126c0] Heap_lock - owner thread: 0x00007f159c016000

Heap address: 0x0000000700000000, size: 4096 MB, Compressed Oops mode: Non-zero based: 0x0000000700000000
Narrow klass base: 0x0000000000000000, Narrow klass shift: 0

GC Heap History (0 events):
No events

Deoptimization events (0 events):
No events

Classes redefined (0 events):
No events

Internal exceptions (0 events):
No events

Events (3 events):
Event: 0.001 Protecting memory [0x00007f15a54ef000,0x00007f15a54f3000] with protection modes 0
Event: 0.002 Loaded shared library /usr/lib/jvm/java-11-openjdk-amd64/lib/libzip.so
Event: 0.002 Loaded shared library /usr/lib/jvm/java-11-openjdk-amd64/lib/libjimage.so


Dynamic libraries:
780000000-800000000 ---p 00000000 00:00 0 
5622a48c3000-5622a48c4000 r-xp 00000000 fc:01 517743                     /usr/lib/jvm/java-11-openjdk-amd64/bin/java
5622a4ac4000-5622a4ac5000 r--p 00001000 fc:01 517743                     /usr/lib/jvm/java-11-openjdk-amd64/bin/java
5622a4ac5000-5622a4ac6000 rw-p 00002000 fc:01 517743                     /usr/lib/jvm/java-11-openjdk-amd64/bin/java
5622a5e6d000-5622a5e8e000 rw-p 00000000 00:00 0                          [heap]
7f156deff000-7f1570000000 rw-p 00000000 00:00 0 
7f1570000000-7f1570021000 rw-p 00000000 00:00 0 
7f1570021000-7f1574000000 ---p 00000000 00:00 0 
7f1574000000-7f1574021000 rw-p 00000000 00:00 0 
7f1574021000-7f1580000000 ---p 00000000 00:00 0 
7f1580000000-7f1580021000 rw-p 00000000 00:00 0 
7f1580021000-7f1584000000 ---p 00000000 00:00 0 
7f158400c000-7f158410d000 rw-p 00000000 00:00 0 
7f158410d000-7f158490d000 ---p 00000000 00:00 0 
7f158490d000-7f1584b7d000 rwxp 00000000 00:00 0 
7f1584b7d000-7f1584e9c000 ---p 00000000 00:00 0 
7f1584e9c000-7f158510c000 rwxp 00000000 00:00 0 
7f158510c000-7f158c3d4000 ---p 00000000 00:00 0 
7f158c3d4000-7f158c644000 rwxp 00000000 00:00 0 
7f158c644000-7f159390d000 ---p 00000000 00:00 0 
7f159390d000-7f159c000000 r--s 00000000 fc:01 517829                     /usr/lib/jvm/java-11-openjdk-amd64/lib/modules
7f159c000000-7f159c0a3000 rw-p 00000000 00:00 0 
7f159c0a3000-7f15a0000000 ---p 00000000 00:00 0 
7f15a00bb000-7f15a00bc000 ---p 00000000 00:00 0 
7f15a00bc000-7f15a01bd000 rw-p 00000000 00:00 0 
7f15a01bd000-7f15a01be000 ---p 00000000 00:00 0 
7f15a01be000-7f15a02bf000 rw-p 00000000 00:00 0 
7f15a02bf000-7f15a12bf000 ---p 00000000 00:00 0 
7f15a12bf000-7f15a14c1000 rw-p 00000000 00:00 0 
7f15a14c1000-7f15a14c2000 ---p 00000000 00:00 0 
7f15a14c2000-7f15a15c8000 rw-p 00000000 00:00 0 
7f15a15c8000-7f15a16ae000 ---p 00000000 00:00 0 
7f15a16ae000-7f15a16b3000 rw-p 00000000 00:00 0 
7f15a16b3000-7f15a1799000 ---p 00000000 00:00 0 
7f15a1799000-7f15a179e000 r-xp 00000000 fc:01 517811                     /usr/lib/jvm/java-11-openjdk-amd64/lib/libjimage.so
7f15a179e000-7f15a199d000 ---p 00005000 fc:01 517811                     /usr/lib/jvm/java-11-openjdk-amd64/lib/libjimage.so
7f15a199d000-7f15a199e000 r--p 00004000 fc:01 517811                     /usr/lib/jvm/java-11-openjdk-amd64/lib/libjimage.so
7f15a199e000-7f15a199f000 rw-p 00005000 fc:01 517811                     /usr/lib/jvm/java-11-openjdk-amd64/lib/libjimage.so
7f15a199f000-7f15a19a6000 r-xp 00000000 fc:01 517828                     /usr/lib/jvm/java-11-openjdk-amd64/lib/libzip.so
7f15a19a6000-7f15a1ba5000 ---p 00007000 fc:01 517828                     /usr/lib/jvm/java-11-openjdk-amd64/lib/libzip.so
7f15a1ba5000-7f15a1ba6000 r--p 00006000 fc:01 517828                     /usr/lib/jvm/java-11-openjdk-amd64/lib/libzip.so
7f15a1ba6000-7f15a1ba7000 rw-p 00007000 fc:01 517828                     /usr/lib/jvm/java-11-openjdk-amd64/lib/libzip.so
7f15a1ba7000-7f15a1bb2000 r-xp 00000000 fc:01 2093                       /lib/x86_64-linux-gnu/libnss_files-2.27.so
7f15a1bb2000-7f15a1db1000 ---p 0000b000 fc:01 2093                       /lib/x86_64-linux-gnu/libnss_files-2.27.so
7f15a1db1000-7f15a1db2000 r--p 0000a000 fc:01 2093                       /lib/x86_64-linux-gnu/libnss_files-2.27.so
7f15a1db2000-7f15a1db3000 rw-p 0000b000 fc:01 2093                       /lib/x86_64-linux-gnu/libnss_files-2.27.so
7f15a1db3000-7f15a1db9000 rw-p 00000000 00:00 0 
7f15a1db9000-7f15a1dd0000 r-xp 00000000 fc:01 2090                       /lib/x86_64-linux-gnu/libnsl-2.27.so
7f15a1dd0000-7f15a1fcf000 ---p 00017000 fc:01 2090                       /lib/x86_64-linux-gnu/libnsl-2.27.so
7f15a1fcf000-7f15a1fd0000 r--p 00016000 fc:01 2090                       /lib/x86_64-linux-gnu/libnsl-2.27.so
7f15a1fd0000-7f15a1fd1000 rw-p 00017000 fc:01 2090                       /lib/x86_64-linux-gnu/libnsl-2.27.so
7f15a1fd1000-7f15a1fd3000 rw-p 00000000 00:00 0 
7f15a1fd3000-7f15a1fde000 r-xp 00000000 fc:01 2095                       /lib/x86_64-linux-gnu/libnss_nis-2.27.so
7f15a1fde000-7f15a21dd000 ---p 0000b000 fc:01 2095                       /lib/x86_64-linux-gnu/libnss_nis-2.27.so
7f15a21dd000-7f15a21de000 r--p 0000a000 fc:01 2095                       /lib/x86_64-linux-gnu/libnss_nis-2.27.so
7f15a21de000-7f15a21df000 rw-p 0000b000 fc:01 2095                       /lib/x86_64-linux-gnu/libnss_nis-2.27.so
7f15a21df000-7f15a21e7000 r-xp 00000000 fc:01 2091                       /lib/x86_64-linux-gnu/libnss_compat-2.27.so
7f15a21e7000-7f15a23e7000 ---p 00008000 fc:01 2091                       /lib/x86_64-linux-gnu/libnss_compat-2.27.so
7f15a23e7000-7f15a23e8000 r--p 00008000 fc:01 2091                       /lib/x86_64-linux-gnu/libnss_compat-2.27.so
7f15a23e8000-7f15a23e9000 rw-p 00009000 fc:01 2091                       /lib/x86_64-linux-gnu/libnss_compat-2.27.so
7f15a23e9000-7f15a2412000 r-xp 00000000 fc:01 517807                     /usr/lib/jvm/java-11-openjdk-amd64/lib/libjava.so
7f15a2412000-7f15a2611000 ---p 00029000 fc:01 517807                     /usr/lib/jvm/java-11-openjdk-amd64/lib/libjava.so
7f15a2611000-7f15a2612000 r--p 00028000 fc:01 517807                     /usr/lib/jvm/java-11-openjdk-amd64/lib/libjava.so
7f15a2612000-7f15a2614000 rw-p 00029000 fc:01 517807                     /usr/lib/jvm/java-11-openjdk-amd64/lib/libjava.so
7f15a2614000-7f15a2621000 r-xp 00000000 fc:01 517827                     /usr/lib/jvm/java-11-openjdk-amd64/lib/libverify.so
7f15a2621000-7f15a2820000 ---p 0000d000 fc:01 517827                     /usr/lib/jvm/java-11-openjdk-amd64/lib/libverify.so
7f15a2820000-7f15a2822000 r--p 0000c000 fc:01 517827                     /usr/lib/jvm/java-11-openjdk-amd64/lib/libverify.so
7f15a2822000-7f15a2823000 rw-p 0000e000 fc:01 517827                     /usr/lib/jvm/java-11-openjdk-amd64/lib/libverify.so
7f15a2823000-7f15a282a000 r-xp 00000000 fc:01 2180                       /lib/x86_64-linux-gnu/librt-2.27.so
7f15a282a000-7f15a2a29000 ---p 00007000 fc:01 2180                       /lib/x86_64-linux-gnu/librt-2.27.so
7f15a2a29000-7f15a2a2a000 r--p 00006000 fc:01 2180                       /lib/x86_64-linux-gnu/librt-2.27.so
7f15a2a2a000-7f15a2a2b000 rw-p 00007000 fc:01 2180                       /lib/x86_64-linux-gnu/librt-2.27.so
7f15a2a2b000-7f15a2a42000 r-xp 00000000 fc:01 89                         /lib/x86_64-linux-gnu/libgcc_s.so.1
7f15a2a42000-7f15a2c41000 ---p 00017000 fc:01 89                         /lib/x86_64-linux-gnu/libgcc_s.so.1
7f15a2c41000-7f15a2c42000 r--p 00016000 fc:01 89                         /lib/x86_64-linux-gnu/libgcc_s.so.1
7f15a2c42000-7f15a2c43000 rw-p 00017000 fc:01 89                         /lib/x86_64-linux-gnu/libgcc_s.so.1
7f15a2c43000-7f15a2de0000 r-xp 00000000 fc:01 2087                       /lib/x86_64-linux-gnu/libm-2.27.so
7f15a2de0000-7f15a2fdf000 ---p 0019d000 fc:01 2087                       /lib/x86_64-linux-gnu/libm-2.27.so
7f15a2fdf000-7f15a2fe0000 r--p 0019c000 fc:01 2087                       /lib/x86_64-linux-gnu/libm-2.27.so
7f15a2fe0000-7f15a2fe1000 rw-p 0019d000 fc:01 2087                       /lib/x86_64-linux-gnu/libm-2.27.so
7f15a2fe1000-7f15a315a000 r-xp 00000000 fc:01 104                        /usr/lib/x86_64-linux-gnu/libstdc++.so.6.0.25
7f15a315a000-7f15a335a000 ---p 00179000 fc:01 104                        /usr/lib/x86_64-linux-gnu/libstdc++.so.6.0.25
7f15a335a000-7f15a3364000 r--p 00179000 fc:01 104                        /usr/lib/x86_64-linux-gnu/libstdc++.so.6.0.25
7f15a3364000-7f15a3366000 rw-p 00183000 fc:01 104                        /usr/lib/x86_64-linux-gnu/libstdc++.so.6.0.25
7f15a3366000-7f15a336a000 rw-p 00000000 00:00 0 
7f15a336a000-7f15a4447000 r-xp 00000000 fc:01 517832                     /usr/lib/jvm/java-11-openjdk-amd64/lib/server/libjvm.so
7f15a4447000-7f15a4646000 ---p 010dd000 fc:01 517832                     /usr/lib/jvm/java-11-openjdk-amd64/lib/server/libjvm.so
7f15a4646000-7f15a4703000 r--p 010dc000 fc:01 517832                     /usr/lib/jvm/java-11-openjdk-amd64/lib/server/libjvm.so
7f15a4703000-7f15a473d000 rw-p 01199000 fc:01 517832                     /usr/lib/jvm/java-11-openjdk-amd64/lib/server/libjvm.so
7f15a473d000-7f15a4793000 rw-p 00000000 00:00 0 
7f15a4793000-7f15a47ad000 r-xp 00000000 fc:01 2178                       /lib/x86_64-linux-gnu/libpthread-2.27.so
7f15a47ad000-7f15a49ac000 ---p 0001a000 fc:01 2178                       /lib/x86_64-linux-gnu/libpthread-2.27.so
7f15a49ac000-7f15a49ad000 r--p 00019000 fc:01 2178                       /lib/x86_64-linux-gnu/libpthread-2.27.so
7f15a49ad000-7f15a49ae000 rw-p 0001a000 fc:01 2178                       /lib/x86_64-linux-gnu/libpthread-2.27.so
7f15a49ae000-7f15a49b2000 rw-p 00000000 00:00 0 
7f15a49b2000-7f15a49b5000 r-xp 00000000 fc:01 2086                       /lib/x86_64-linux-gnu/libdl-2.27.so
7f15a49b5000-7f15a4bb4000 ---p 00003000 fc:01 2086                       /lib/x86_64-linux-gnu/libdl-2.27.so
7f15a4bb4000-7f15a4bb5000 r--p 00002000 fc:01 2086                       /lib/x86_64-linux-gnu/libdl-2.27.so
7f15a4bb5000-7f15a4bb6000 rw-p 00003000 fc:01 2086                       /lib/x86_64-linux-gnu/libdl-2.27.so
7f15a4bb6000-7f15a4bd2000 r-xp 00000000 fc:01 2183                       /lib/x86_64-linux-gnu/libz.so.1.2.11
7f15a4bd2000-7f15a4dd1000 ---p 0001c000 fc:01 2183                       /lib/x86_64-linux-gnu/libz.so.1.2.11
7f15a4dd1000-7f15a4dd2000 r--p 0001b000 fc:01 2183                       /lib/x86_64-linux-gnu/libz.so.1.2.11
7f15a4dd2000-7f15a4dd3000 rw-p 0001c000 fc:01 2183                       /lib/x86_64-linux-gnu/libz.so.1.2.11
7f15a4dd3000-7f15a4fba000 r-xp 00000000 fc:01 2083                       /lib/x86_64-linux-gnu/libc-2.27.so
7f15a4fba000-7f15a51ba000 ---p 001e7000 fc:01 2083                       /lib/x86_64-linux-gnu/libc-2.27.so
7f15a51ba000-7f15a51be000 r--p 001e7000 fc:01 2083                       /lib/x86_64-linux-gnu/libc-2.27.so
7f15a51be000-7f15a51c0000 rw-p 001eb000 fc:01 2083                       /lib/x86_64-linux-gnu/libc-2.27.so
7f15a51c0000-7f15a51c4000 rw-p 00000000 00:00 0 
7f15a51c4000-7f15a51d4000 r-xp 00000000 fc:01 517791                     /usr/lib/jvm/java-11-openjdk-amd64/lib/jli/libjli.so
7f15a51d4000-7f15a53d3000 ---p 00010000 fc:01 517791                     /usr/lib/jvm/java-11-openjdk-amd64/lib/jli/libjli.so
7f15a53d3000-7f15a53d4000 r--p 0000f000 fc:01 517791                     /usr/lib/jvm/java-11-openjdk-amd64/lib/jli/libjli.so
7f15a53d4000-7f15a53d5000 rw-p 00010000 fc:01 517791                     /usr/lib/jvm/java-11-openjdk-amd64/lib/jli/libjli.so
7f15a53d5000-7f15a53fc000 r-xp 00000000 fc:01 2079                       /lib/x86_64-linux-gnu/ld-2.27.so
7f15a5452000-7f15a54e0000 rw-p 00000000 00:00 0 
7f15a54e0000-7f15a54e7000 ---p 00000000 00:00 0 
7f15a54e7000-7f15a54ef000 rw-s 00000000 fc:01 1551688                    /tmp/hsperfdata_root/23553
7f15a54ef000-7f15a54f3000 ---p 00000000 00:00 0 
7f15a54f3000-7f15a55f2000 rw-p 00000000 00:00 0 
7f15a55f6000-7f15a55f8000 r--s 00007000 fc:01 12587                      /usr/share/java/java-atk-wrapper.jar
7f15a55f8000-7f15a55f9000 ---p 00000000 00:00 0 
7f15a55f9000-7f15a55fa000 r--p 00000000 00:00 0 
7f15a55fa000-7f15a55fc000 rw-p 00000000 00:00 0 
7f15a55fc000-7f15a55fd000 r--p 00027000 fc:01 2079                       /lib/x86_64-linux-gnu/ld-2.27.so
7f15a55fd000-7f15a55fe000 rw-p 00028000 fc:01 2079                       /lib/x86_64-linux-gnu/ld-2.27.so
7f15a55fe000-7f15a55ff000 rw-p 00000000 00:00 0 
7ffdf60e1000-7ffdf6102000 rw-p 00000000 00:00 0                          [stack]
7ffdf61e4000-7ffdf61e7000 r--p 00000000 00:00 0                          [vvar]
7ffdf61e7000-7ffdf61e9000 r-xp 00000000 00:00 0                          [vdso]
ffffffffff600000-ffffffffff601000 r-xp 00000000 00:00 0                  [vsyscall]


VM Arguments:
jvm_args: -Xmx4096M -Xms2048M 
java_command: bukkit.jar
java_class_path (initial): bukkit.jar
Launcher Type: SUN_STANDARD

[Global flags]
     intx CICompilerCount                          = 2                                         {product} {ergonomic}
     uint ConcGCThreads                            = 1                                         {product} {ergonomic}
     uint G1ConcRefinementThreads                  = 2                                         {product} {ergonomic}
   size_t G1HeapRegionSize                         = 1048576                                   {product} {ergonomic}
    uintx GCDrainStackTargetSize                   = 64                                        {product} {ergonomic}
   size_t InitialHeapSize                          = 2147483648                                {product} {command line}
   size_t MarkStackSize                            = 4194304                                   {product} {ergonomic}
   size_t MaxHeapSize                              = 4294967296                                {product} {command line}
   size_t MinHeapDeltaBytes                        = 1048576                                   {product} {ergonomic}
    uintx NonNMethodCodeHeapSize                   = 5825164                                {pd product} {ergonomic}
    uintx NonProfiledCodeHeapSize                  = 122916538                              {pd product} {ergonomic}
    uintx ProfiledCodeHeapSize                     = 122916538                              {pd product} {ergonomic}
    uintx ReservedCodeCacheSize                    = 251658240                              {pd product} {ergonomic}
     bool SegmentedCodeCache                       = true                                      {product} {ergonomic}
     bool UseCompressedClassPointers               = true                                 {lp64_product} {ergonomic}
     bool UseCompressedOops                        = true                                 {lp64_product} {ergonomic}
     bool UseG1GC                                  = true                                      {product} {ergonomic}

Logging:
Log output configuration:
 #0: stdout all=warning uptime,level,tags
 #1: stderr all=off uptime,level,tags

Environment Variables:
PATH=/usr/local/sbin:/usr/local/bin:/usr/sbin:/usr/bin:/sbin:/bin:/usr/games:/usr/local/games:/snap/bin
SHELL=/bin/bash

Signal Handlers:
SIGSEGV: [libjvm.so+0xdf8d00], sa_mask[0]=11111111011111111101111111111110, sa_flags=SA_RESTART|SA_SIGINFO
SIGBUS: [libjvm.so+0xdf8d00], sa_mask[0]=11111111011111111101111111111110, sa_flags=SA_RESTART|SA_SIGINFO
SIGFPE: [libjvm.so+0xdf8d00], sa_mask[0]=11111111011111111101111111111110, sa_flags=SA_RESTART|SA_SIGINFO
SIGPIPE: [libjvm.so+0xbcbc30], sa_mask[0]=11111111011111111101111111111110, sa_flags=SA_RESTART|SA_SIGINFO
SIGXFSZ: [libjvm.so+0xbcbc30], sa_mask[0]=11111111011111111101111111111110, sa_flags=SA_RESTART|SA_SIGINFO
SIGILL: [libjvm.so+0xdf8d00], sa_mask[0]=11111111011111111101111111111110, sa_flags=SA_RESTART|SA_SIGINFO
SIGUSR2: [libjvm.so+0xbcbad0], sa_mask[0]=00000000000000000000000000000000, sa_flags=SA_RESTART|SA_SIGINFO
SIGHUP: SIG_IGN, sa_mask[0]=00000000000000000000000000000000, sa_flags=none
SIGINT: SIG_DFL, sa_mask[0]=00000000000000000000000000000000, sa_flags=none
SIGTERM: SIG_DFL, sa_mask[0]=00000000000000000000000000000000, sa_flags=none
SIGQUIT: SIG_DFL, sa_mask[0]=00000000000000000000000000000000, sa_flags=none


---------------  S Y S T E M  ---------------

OS:DISTRIB_ID=Ubuntu
DISTRIB_RELEASE=18.04
DISTRIB_CODENAME=bionic
DISTRIB_DESCRIPTION="Ubuntu 18.04.4 LTS"
uname:Linux 4.15.0-106-generic #107-Ubuntu SMP Thu Jun 4 11:27:52 UTC 2020 x86_64
OS uptime: 14 days 6:45 hours
libc:glibc 2.27 NPTL 2.27 
rlimit: STACK 8192k, CORE 0k, NPROC 15676, NOFILE 1048576, AS infinity, CPU infinity, DATA infinity, FSIZE infinity
load average:1.37 0.35 0.11

/proc/meminfo:
MemTotal:        4039268 kB
MemFree:          649868 kB
MemAvailable:    1149496 kB
Buffers:           82628 kB
Cached:           593204 kB
SwapCached:            0 kB
Active:          2995224 kB
Inactive:         267284 kB
Active(anon):    2587044 kB
Inactive(anon):      248 kB
Active(file):     408180 kB
Inactive(file):   267036 kB
Unevictable:           0 kB
Mlocked:               0 kB
SwapTotal:             0 kB
SwapFree:              0 kB
Dirty:              1060 kB
Writeback:             0 kB
AnonPages:       2586812 kB
Mapped:           114516 kB
Shmem:               616 kB
Slab:              88980 kB
SReclaimable:      54712 kB
SUnreclaim:        34268 kB
KernelStack:        3452 kB
PageTables:        10004 kB
NFS_Unstable:          0 kB
Bounce:                0 kB
WritebackTmp:          0 kB
CommitLimit:     2019632 kB
Committed_AS:    3884932 kB
VmallocTotal:   34359738367 kB
VmallocUsed:           0 kB
VmallocChunk:          0 kB
HardwareCorrupted:     0 kB
AnonHugePages:         0 kB
ShmemHugePages:        0 kB
ShmemPmdMapped:        0 kB
CmaTotal:              0 kB
CmaFree:               0 kB
HugePages_Total:       0
HugePages_Free:        0
HugePages_Rsvd:        0
HugePages_Surp:        0
Hugepagesize:       2048 kB
DirectMap4k:      118764 kB
DirectMap2M:     3026944 kB
DirectMap1G:     1048576 kB


/proc/sys/kernel/threads-max (system-wide limit on the number of threads):
31352


/proc/sys/vm/max_map_count (maximum number of memory map areas a process may have):
65530


/proc/sys/kernel/pid_max (system-wide limit on number of process identifiers):
32768



container (cgroup) information:
container_type: cgroupv1
cpu_cpuset_cpus: 0-1
cpu_memory_nodes: 0
active_processor_count: 2
cpu_quota: -1
cpu_period: 100000
cpu_shares: -1
memory_limit_in_bytes: -1
memory_and_swap_limit_in_bytes: -2
memory_soft_limit_in_bytes: -1
memory_usage_in_bytes: 2665275392
memory_max_usage_in_bytes: 3440345088

KVM virtualization detected
Steal ticks since vm start: 0
Steal ticks percentage since vm start:  0.000

CPU:total 2 (initial active 2) (1 cores per cpu, 1 threads per core) family 6 model 85 stepping 4, cmov, cx8, fxsr, mmx, sse, sse2, sse3, ssse3, sse4.1, sse4.2, popcnt, avx, avx2, aes, clmul, erms, 3dnowpref, lzcnt, tsc, bmi1, bmi2, adx, fma
CPU Model and flags from /proc/cpuinfo:
model name	: Intel(R) Xeon(R) Gold 6140 CPU @ 2.30GHz
flags		: fpu vme de pse tsc msr pae mce cx8 apic sep mtrr pge mca cmov pat pse36 clflush mmx fxsr sse sse2 ss syscall nx pdpe1gb rdtscp lm constant_tsc arch_perfmon rep_good nopl cpuid tsc_known_freq pni pclmulqdq vmx ssse3 fma cx16 pcid sse4_1 sse4_2 x2apic movbe popcnt tsc_deadline_timer aes xsave avx f16c rdrand hypervisor lahf_lm abm 3dnowprefetch cpuid_fault invpcid_single pti ssbd ibrs ibpb tpr_shadow vnmi flexpriority ept vpid fsgsbase tsc_adjust bmi1 avx2 smep bmi2 erms invpcid mpx avx512f avx512dq rdseed adx smap clflushopt clwb avx512cd avx512bw avx512vl xsaveopt xsavec xgetbv1 pku ospke md_clear

Memory: 4k page, physical 4039268k(649868k free), swap 0k(0k free)

vm_info: OpenJDK 64-Bit Server VM (11.0.7+10-post-Ubuntu-2ubuntu218.04) for linux-amd64 JRE (11.0.7+10-post-Ubuntu-2ubuntu218.04), built on Apr 15 2020 21:12:54 by "unknown" with gcc 7.5.0

END.
